TN:
SF:src/category/application/use-cases/common/category-output.ts
FN:10,toOutput
FNF:1
FNH:1
FNDA:45,toOutput
DA:1,1
DA:2,1
DA:3,1
DA:4,1
DA:5,1
DA:6,1
DA:7,1
DA:8,1
DA:9,1
DA:10,1
DA:11,45
DA:12,45
DA:13,45
DA:14,45
DA:15,45
DA:16,45
DA:17,1
LF:17
LH:17
BRDA:10,0,0,45
BRF:1
BRH:1
end_of_record
TN:
SF:src/category/application/use-cases/create-category/create-category.use-case.ts
FN:8,<instance_members_initializer>
FN:11,CreateCategoryUseCase
FN:13,execute
FNF:3
FNH:3
FNDA:3,<instance_members_initializer>
FNDA:3,CreateCategoryUseCase
FNDA:7,execute
DA:1,1
DA:2,1
DA:3,1
DA:4,1
DA:5,1
DA:6,1
DA:7,1
DA:8,1
DA:9,3
DA:10,3
DA:11,3
DA:12,3
DA:13,3
DA:14,7
DA:15,7
DA:16,7
DA:17,1
DA:18,1
DA:19,6
DA:20,6
DA:21,6
DA:22,6
DA:23,6
DA:24,6
DA:25,6
DA:26,6
DA:27,6
DA:28,6
DA:29,6
DA:30,3
DA:31,1
DA:32,1
LF:32
LH:32
BRDA:8,0,0,3
BRDA:11,1,0,3
BRDA:13,2,0,7
BRDA:16,3,0,1
BRDA:18,4,0,6
BRF:5
BRH:5
end_of_record
TN:
SF:src/category/application/use-cases/delete-category/delete-category.use-case.ts
FN:5,<instance_members_initializer>
FN:8,DeleteCategoryUseCase
FN:9,execute
FNF:3
FNH:3
FNDA:4,<instance_members_initializer>
FNDA:4,DeleteCategoryUseCase
FNDA:5,execute
DA:1,1
DA:2,1
DA:3,1
DA:4,1
DA:5,1
DA:6,4
DA:7,4
DA:8,4
DA:9,4
DA:10,5
DA:11,5
DA:12,2
DA:13,4
DA:14,1
DA:15,1
DA:16,1
DA:17,1
LF:17
LH:17
BRDA:5,0,0,4
BRDA:8,1,0,4
BRDA:9,2,0,5
BRDA:11,3,0,2
BRF:4
BRH:4
end_of_record
TN:
SF:src/category/application/use-cases/get-category/get-category.use-case.ts
FN:8,<instance_members_initializer>
FN:11,GetCategoryUseCase
FN:12,execute
FNF:3
FNH:3
FNDA:4,<instance_members_initializer>
FNDA:4,GetCategoryUseCase
FNDA:5,execute
DA:1,1
DA:2,1
DA:3,1
DA:4,1
DA:5,1
DA:6,1
DA:7,1
DA:8,1
DA:9,4
DA:10,4
DA:11,4
DA:12,4
DA:13,5
DA:14,5
DA:15,4
DA:16,5
DA:17,2
DA:18,2
DA:19,2
DA:20,2
DA:21,2
DA:22,2
DA:23,2
DA:24,2
DA:25,2
DA:26,2
DA:27,2
DA:28,4
DA:29,1
DA:30,1
DA:31,1
DA:32,1
DA:33,1
DA:34,1
LF:34
LH:34
BRDA:8,0,0,4
BRDA:11,1,0,4
BRDA:12,2,0,5
BRDA:14,3,0,4
BRDA:16,4,0,2
BRF:5
BRH:5
end_of_record
TN:
SF:src/category/application/use-cases/list-category/list-categories.use-case.ts
FN:7,<instance_members_initializer>
FN:10,ListCategoriesUseCase
FN:11,execute
FN:16,toOutput
FNF:4
FNH:4
FNDA:5,<instance_members_initializer>
FNDA:5,ListCategoriesUseCase
FNDA:8,execute
FNDA:10,toOutput
DA:1,1
DA:2,1
DA:3,1
DA:4,1
DA:5,1
DA:6,1
DA:7,1
DA:8,5
DA:9,5
DA:10,5
DA:11,5
DA:12,8
DA:13,8
DA:14,8
DA:15,8
DA:16,5
DA:17,10
DA:18,10
DA:19,15
DA:20,15
DA:21,10
DA:22,10
DA:23,5
DA:24,1
DA:25,1
DA:26,1
DA:27,1
DA:28,1
DA:29,1
DA:30,1
DA:31,1
LF:31
LH:31
BRDA:7,0,0,5
BRDA:10,1,0,5
BRDA:11,2,0,8
BRDA:16,3,0,10
BRDA:18,4,0,15
BRF:5
BRH:5
end_of_record
TN:
SF:src/category/application/use-cases/update-category/update-category.use-case.ts
FN:11,<instance_members_initializer>
FN:14,UpdateCategoryUseCase
FN:16,execute
FNF:3
FNH:3
FNDA:5,<instance_members_initializer>
FNDA:5,UpdateCategoryUseCase
FNDA:18,execute
DA:1,1
DA:2,1
DA:3,1
DA:4,1
DA:5,1
DA:6,1
DA:7,1
DA:8,1
DA:9,1
DA:10,1
DA:11,1
DA:12,5
DA:13,5
DA:14,5
DA:15,5
DA:16,5
DA:17,18
DA:18,18
DA:19,17
DA:20,18
DA:21,2
DA:22,2
DA:23,15
DA:24,15
DA:25,18
DA:26,18
DA:27,4
DA:28,4
DA:29,15
DA:30,18
DA:31,2
DA:32,2
DA:33,15
DA:34,18
DA:35,4
DA:36,4
DA:37,15
DA:38,18
DA:39,1
DA:40,1
DA:41,14
DA:42,14
DA:43,14
DA:44,14
DA:45,14
DA:46,5
DA:47,1
DA:48,1
DA:49,1
DA:50,1
LF:50
LH:50
BRDA:11,0,0,5
BRDA:14,1,0,5
BRDA:16,2,0,18
BRDA:18,3,0,17
BRDA:20,4,0,2
BRDA:22,5,0,15
BRDA:26,6,0,4
BRDA:28,7,0,15
BRDA:30,8,0,2
BRDA:32,9,0,15
BRDA:34,10,0,4
BRDA:36,11,0,15
BRDA:38,12,0,1
BRDA:40,13,0,14
BRF:14
BRH:14
end_of_record
TN:
SF:src/category/domain/category-fake.builder.ts
FN:7,<instance_members_initializer>
FN:11,_name
FN:13,_description
FN:16,_is_active
FN:22,aCategory
FN:26,theCategories
FN:32,CategoryFakeBuilder
FN:37,withUuid
FN:42,withName
FN:47,withDescription
FN:52,activate
FN:57,deactivate
FN:62,withCreatedAt
FN:67,withInvalidNameTooLong
FN:72,build
FN:95,get category_id
FN:99,get name
FN:103,get description
FN:107,get is_active
FN:111,get created_at
FN:115,getValue
FN:126,callFactory
FNF:22
FNH:22
FNDA:48,<instance_members_initializer>
FNDA:30,_name
FNDA:53,_description
FNDA:88,_is_active
FNDA:40,aCategory
FNDA:8,theCategories
FNDA:48,CategoryFakeBuilder
FNDA:6,withUuid
FNDA:31,withName
FNDA:8,withDescription
FNDA:1,activate
FNDA:3,deactivate
FNDA:16,withCreatedAt
FNDA:2,withInvalidNameTooLong
FNDA:52,build
FNDA:2,get category_id
FNDA:1,get name
FNDA:1,get description
FNDA:2,get is_active
FNDA:2,get created_at
FNDA:8,getValue
FNDA:336,callFactory
DA:1,1
DA:2,1
DA:3,1
DA:4,1
DA:5,1
DA:6,1
DA:7,1
DA:8,48
DA:9,48
DA:10,48
DA:11,48
DA:12,48
DA:13,48
DA:14,53
DA:15,48
DA:16,48
DA:17,48
DA:18,48
DA:19,48
DA:20,48
DA:21,48
DA:22,48
DA:23,40
DA:24,40
DA:25,48
DA:26,48
DA:27,8
DA:28,8
DA:29,48
DA:30,48
DA:31,48
DA:32,48
DA:33,48
DA:34,48
DA:35,48
DA:36,48
DA:37,48
DA:38,6
DA:39,6
DA:40,6
DA:41,48
DA:42,48
DA:43,31
DA:44,31
DA:45,31
DA:46,48
DA:47,48
DA:48,8
DA:49,8
DA:50,8
DA:51,48
DA:52,48
DA:53,1
DA:54,1
DA:55,1
DA:56,48
DA:57,48
DA:58,3
DA:59,3
DA:60,3
DA:61,48
DA:62,48
DA:63,16
DA:64,16
DA:65,16
DA:66,48
DA:67,48
DA:68,2
DA:69,2
DA:70,2
DA:71,48
DA:72,48
DA:73,52
DA:74,52
DA:75,52
DA:76,91
DA:77,91
DA:78,81
DA:79,10
DA:80,91
DA:81,91
DA:82,91
DA:83,91
DA:84,47
DA:85,91
DA:86,91
DA:87,91
DA:88,91
DA:89,91
DA:90,52
DA:91,52
DA:92,11
DA:93,52
DA:94,48
DA:95,48
DA:96,2
DA:97,2
DA:98,48
DA:99,48
DA:100,1
DA:101,1
DA:102,48
DA:103,48
DA:104,1
DA:105,1
DA:106,48
DA:107,48
DA:108,2
DA:109,2
DA:110,48
DA:111,48
DA:112,2
DA:113,2
DA:114,48
DA:115,48
DA:116,8
DA:117,8
DA:118,8
DA:119,2
DA:120,2
DA:121,2
DA:122,2
DA:123,6
DA:124,6
DA:125,48
DA:126,48
DA:127,336
DA:128,225
DA:129,111
DA:130,336
DA:131,48
LF:131
LH:131
BRDA:7,0,0,48
BRDA:11,1,0,30
BRDA:13,2,0,53
BRDA:16,3,0,88
BRDA:22,4,0,40
BRDA:26,5,0,8
BRDA:32,6,0,48
BRDA:37,7,0,6
BRDA:42,8,0,31
BRDA:47,9,0,8
BRDA:52,10,0,1
BRDA:57,11,0,3
BRDA:62,12,0,16
BRDA:67,13,0,2
BRDA:68,14,0,1
BRDA:72,15,0,52
BRDA:90,16,0,41
BRDA:91,17,0,11
BRDA:75,18,0,91
BRDA:78,19,0,81
BRDA:78,20,0,10
BRDA:83,21,0,47
BRDA:95,22,0,2
BRDA:99,23,0,1
BRDA:103,24,0,1
BRDA:107,25,0,2
BRDA:111,26,0,2
BRDA:115,27,0,8
BRDA:118,28,0,3
BRDA:118,29,0,2
BRDA:122,30,0,6
BRDA:126,31,0,336
BRDA:127,32,0,225
BRDA:128,33,0,111
BRF:34
BRH:34
end_of_record
TN:
SF:src/category/domain/category.entity.ts
FN:23,<instance_members_initializer>
FN:30,Category
FN:39,get entity_id
FN:43,create
FN:50,changeName
FN:59,changeDescription
FN:64,activate
FN:68,deactivate
FN:72,validate
FN:77,fake
FN:81,toJSON
FNF:11
FNH:11
FNDA:195,<instance_members_initializer>
FNDA:195,Category
FNDA:24,get entity_id
FNDA:15,create
FNDA:18,changeName
FNDA:5,changeDescription
FNDA:3,activate
FNDA:5,deactivate
FNDA:184,validate
FNDA:36,fake
FNDA:104,toJSON
DA:1,1
DA:2,1
DA:3,1
DA:4,1
DA:5,1
DA:6,1
DA:7,1
DA:8,1
DA:9,1
DA:10,1
DA:11,1
DA:12,1
DA:13,1
DA:14,1
DA:15,1
DA:16,1
DA:17,1
DA:18,1
DA:19,1
DA:20,1
DA:21,1
DA:22,1
DA:23,1
DA:24,195
DA:25,195
DA:26,195
DA:27,195
DA:28,195
DA:29,195
DA:30,195
DA:31,195
DA:32,195
DA:33,195
DA:34,195
DA:35,195
DA:36,195
DA:37,195
DA:38,195
DA:39,195
DA:40,24
DA:41,24
DA:42,195
DA:43,195
DA:44,15
DA:45,15
DA:46,15
DA:47,15
DA:48,15
DA:49,195
DA:50,195
DA:51,18
DA:52,18
DA:53,18
DA:54,18
DA:55,18
DA:56,18
DA:57,18
DA:58,195
DA:59,195
DA:60,5
DA:61,5
DA:62,5
DA:63,195
DA:64,195
DA:65,3
DA:66,3
DA:67,195
DA:68,195
DA:69,5
DA:70,5
DA:71,195
DA:72,195
DA:73,184
DA:74,184
DA:75,184
DA:76,195
DA:77,195
DA:78,36
DA:79,36
DA:80,195
DA:81,195
DA:82,104
DA:83,104
DA:84,104
DA:85,104
DA:86,104
DA:87,104
DA:88,104
DA:89,104
DA:90,195
LF:90
LH:90
BRDA:23,0,0,195
BRDA:30,1,0,195
BRDA:32,2,0,124
BRDA:34,3,0,90
BRDA:35,4,0,35
BRDA:36,5,0,85
BRDA:39,6,0,24
BRDA:43,7,0,15
BRDA:50,8,0,18
BRDA:59,9,0,5
BRDA:64,10,0,3
BRDA:68,11,0,5
BRDA:72,12,0,184
BRDA:77,13,0,36
BRDA:81,14,0,104
BRF:15
BRH:15
end_of_record
TN:
SF:src/category/domain/category.repository.ts
FNF:0
FNH:0
DA:1,1
DA:2,1
DA:3,1
DA:4,1
DA:5,1
DA:6,1
DA:7,1
DA:8,1
DA:9,1
DA:10,1
DA:11,1
DA:12,1
DA:13,1
DA:14,1
DA:15,1
DA:16,1
DA:17,1
DA:18,1
DA:19,1
DA:20,1
LF:20
LH:20
BRF:0
BRH:0
end_of_record
TN:
SF:src/category/domain/category.validator.ts
FN:12,<instance_members_initializer>
FN:16,CategoryRules
FN:22,validate
FN:29,create
FNF:4
FNH:4
FNDA:184,<instance_members_initializer>
FNDA:184,CategoryRules
FNDA:184,validate
FNDA:184,create
DA:1,1
DA:2,1
DA:3,1
DA:4,1
DA:5,1
DA:6,1
DA:7,1
DA:8,1
DA:9,1
DA:10,1
DA:11,1
DA:12,184
DA:13,184
DA:14,184
DA:15,184
DA:16,184
DA:17,184
DA:18,184
DA:19,184
DA:20,1
DA:21,1
DA:22,1
DA:23,184
DA:24,184
DA:25,184
DA:26,1
DA:27,1
DA:28,1
DA:29,1
DA:30,184
DA:31,184
DA:32,1
LF:32
LH:32
BRDA:12,0,0,184
BRDA:16,1,0,184
BRDA:22,2,0,184
BRDA:23,3,0,33
BRDA:23,4,0,33
BRDA:23,5,0,151
BRDA:29,6,0,184
BRF:7
BRH:7
end_of_record
TN:
SF:src/category/infra/db/in-memory/category-in-memory.repository.ts
FN:12,<instance_members_initializer>
FN:18,applyFilter
FN:30,getEntity
FN:34,applySort
FNF:4
FNH:4
FNDA:16,<instance_members_initializer>
FNDA:6,applyFilter
FNDA:1,getEntity
FNDA:7,applySort
DA:1,1
DA:2,1
DA:3,1
DA:4,1
DA:5,1
DA:6,1
DA:7,1
DA:8,1
DA:9,1
DA:10,1
DA:11,1
DA:12,1
DA:13,16
DA:14,16
DA:15,16
DA:16,16
DA:17,16
DA:18,16
DA:19,6
DA:20,6
DA:21,6
DA:22,6
DA:23,2
DA:24,2
DA:25,4
DA:26,4
DA:27,18
DA:28,18
DA:29,4
DA:30,16
DA:31,1
DA:32,1
DA:33,16
DA:34,16
DA:35,7
DA:36,7
DA:37,7
DA:38,7
DA:39,7
DA:40,5
DA:41,2
DA:42,7
DA:43,16
LF:43
LH:43
BRDA:12,0,0,16
BRDA:18,1,0,6
BRDA:22,2,0,5
BRDA:22,3,0,2
BRDA:24,4,0,4
BRDA:26,5,0,18
BRDA:30,6,0,1
BRDA:34,7,0,7
BRDA:39,8,0,5
BRDA:40,9,0,2
BRF:10
BRH:10
end_of_record
TN:
SF:src/category/infra/db/sequelize/Category.model.ts
FNF:0
FNH:0
DA:1,1
DA:2,1
DA:3,1
DA:4,1
DA:5,1
DA:6,1
DA:7,1
DA:8,1
DA:9,1
DA:10,1
DA:11,1
DA:12,1
DA:13,1
DA:14,1
DA:15,1
DA:16,1
DA:17,1
DA:18,1
DA:19,1
DA:20,1
DA:21,1
DA:22,1
DA:23,1
DA:24,1
DA:25,1
DA:26,1
DA:27,1
DA:28,1
DA:29,1
DA:30,1
DA:31,1
DA:32,1
DA:33,1
DA:34,1
LF:34
LH:34
BRF:0
BRH:0
end_of_record
TN:
SF:src/category/infra/db/sequelize/category-model.mapper.ts
FN:7,toModel
FN:17,toEntity
FNF:2
FNH:2
FNDA:63,toModel
FNDA:60,toEntity
DA:1,1
DA:2,1
DA:3,1
DA:4,1
DA:5,1
DA:6,1
DA:7,1
DA:8,63
DA:9,63
DA:10,63
DA:11,63
DA:12,63
DA:13,63
DA:14,63
DA:15,63
DA:16,1
DA:17,1
DA:18,60
DA:19,60
DA:20,60
DA:21,60
DA:22,60
DA:23,60
DA:24,60
DA:25,60
DA:26,60
DA:27,60
DA:28,1
DA:29,1
DA:30,59
DA:31,59
DA:32,1
LF:32
LH:32
BRDA:7,0,0,63
BRDA:17,1,0,60
BRDA:27,2,0,59
BRDA:27,3,0,1
BRF:4
BRH:4
end_of_record
TN:
SF:src/category/infra/db/sequelize/category-sequelize.repository.ts
FN:13,<instance_members_initializer>
FN:16,CategorySequelizeRepository
FN:20,insert
FN:26,bulkInsert
FN:34,update
FN:49,delete
FN:60,findById
FN:66,_get
FN:70,findAll
FN:77,getEntity
FN:81,search
FNF:11
FNH:11
FNDA:23,<instance_members_initializer>
FNDA:23,CategorySequelizeRepository
FNDA:13,insert
FNDA:7,bulkInsert
FNDA:9,update
FNDA:4,delete
FNDA:26,findById
FNDA:39,_get
FNDA:1,findAll
FNDA:3,getEntity
FNDA:14,search
DA:1,1
DA:2,1
DA:3,1
DA:4,1
DA:5,1
DA:6,1
DA:7,1
DA:8,1
DA:9,1
DA:10,1
DA:11,1
DA:12,1
DA:13,1
DA:14,23
DA:15,23
DA:16,23
DA:17,23
DA:18,23
DA:19,23
DA:20,23
DA:21,13
DA:22,13
DA:23,13
DA:24,13
DA:25,23
DA:26,23
DA:27,7
DA:28,42
DA:29,7
DA:30,7
DA:31,7
DA:32,7
DA:33,23
DA:34,23
DA:35,9
DA:36,9
DA:37,9
DA:38,9
DA:39,1
DA:40,1
DA:41,8
DA:42,8
DA:43,8
DA:44,8
DA:45,8
DA:46,8
DA:47,8
DA:48,23
DA:49,23
DA:50,4
DA:51,4
DA:52,4
DA:53,4
DA:54,2
DA:55,2
DA:56,2
DA:57,2
DA:58,2
DA:59,23
DA:60,23
DA:61,26
DA:62,26
DA:63,26
DA:64,26
DA:65,23
DA:66,23
DA:67,39
DA:68,39
DA:69,23
DA:70,23
DA:71,1
DA:72,1
DA:73,1
DA:74,1
DA:75,1
DA:76,23
DA:77,23
DA:78,3
DA:79,3
DA:80,23
DA:81,23
DA:82,14
DA:83,14
DA:84,14
DA:85,14
DA:86,7
DA:87,7
DA:88,7
DA:89,14
DA:90,14
DA:91,9
DA:92,14
DA:93,14
DA:94,14
DA:95,14
DA:96,14
DA:97,14
DA:98,36
DA:99,36
DA:100,14
DA:101,14
DA:102,14
DA:103,14
DA:104,14
DA:105,23
DA:106,23
LF:106
LH:106
BRDA:13,0,0,23
BRDA:16,1,0,23
BRDA:20,2,0,13
BRDA:26,3,0,7
BRDA:27,4,0,42
BRDA:34,5,0,9
BRDA:38,6,0,8
BRDA:38,7,0,1
BRDA:49,8,0,4
BRDA:53,9,0,2
BRDA:60,10,0,26
BRDA:63,11,0,21
BRDA:63,12,0,5
BRDA:66,13,0,39
BRDA:70,14,0,1
BRDA:72,15,0,1
BRDA:77,16,0,3
BRDA:81,17,0,14
BRDA:85,18,0,7
BRDA:90,19,0,9
BRDA:90,20,0,9
BRDA:91,21,0,5
BRDA:97,22,0,36
BRF:23
BRH:23
end_of_record
TN:
SF:src/shared/application/pagination-output.ts
FN:10,toOutput
FNF:1
FNH:1
FNDA:10,toOutput
DA:1,1
DA:2,1
DA:3,1
DA:4,1
DA:5,1
DA:6,1
DA:7,1
DA:8,1
DA:9,1
DA:10,1
DA:11,10
DA:12,10
DA:13,10
DA:14,10
DA:15,10
DA:16,10
DA:17,10
DA:18,10
DA:19,10
DA:20,10
DA:21,10
DA:22,1
LF:22
LH:22
BRDA:10,0,0,10
BRF:1
BRH:1
end_of_record
TN:
SF:src/shared/domain/entity.ts
FN:4,<instance_members_initializer>
FNF:1
FNH:1
FNDA:234,<instance_members_initializer>
DA:1,1
DA:2,1
DA:3,1
DA:4,1
DA:5,234
DA:6,234
DA:7,234
DA:8,234
DA:9,234
LF:9
LH:9
BRDA:4,0,0,234
BRF:1
BRH:1
end_of_record
TN:
SF:src/shared/domain/value-object.ts
FN:4,equals
FNF:1
FNH:1
FNDA:26,equals
DA:1,1
DA:2,1
DA:3,1
DA:4,1
DA:5,26
DA:6,1
DA:7,1
DA:8,26
DA:9,0
DA:10,0
DA:11,25
DA:12,25
DA:13,25
DA:14,1
LF:14
LH:12
BRDA:4,0,0,26
BRDA:5,1,0,25
BRDA:5,2,0,1
BRDA:7,3,0,25
BRDA:8,4,0,0
BRDA:10,5,0,25
BRF:6
BRH:5
end_of_record
TN:
SF:src/shared/domain/errors/not-found.error.ts
FN:4,NotFoundError
FNF:1
FNH:1
FNDA:18,NotFoundError
DA:1,1
DA:2,1
DA:3,1
DA:4,1
DA:5,18
DA:6,18
DA:7,18
DA:8,18
DA:9,1
LF:9
LH:9
BRDA:4,0,0,18
BRDA:5,1,0,0
BRF:2
BRH:1
end_of_record
TN:
SF:src/shared/domain/repository/search-params.ts
FN:13,<instance_members_initializer>
FN:20,SearchParams
FN:29,get page
FN:33,set page
FN:43,get per_page
FN:47,set per_page
FN:61,get sort
FN:65,set sort
FN:70,get sort_dir
FN:74,set sort_dir
FN:83,get filter
FN:87,set filter
FNF:12
FNH:12
FNDA:89,<instance_members_initializer>
FNDA:89,SearchParams
FNDA:67,get page
FNDA:89,set page
FNDA:82,get per_page
FNDA:89,set per_page
FNDA:145,get sort
FNDA:89,set sort
FNDA:35,get sort_dir
FNDA:89,set sort_dir
FNDA:45,get filter
FNDA:89,set filter
DA:1,1
DA:2,1
DA:3,1
DA:4,1
DA:5,1
DA:6,1
DA:7,1
DA:8,1
DA:9,1
DA:10,1
DA:11,1
DA:12,1
DA:13,1
DA:14,89
DA:15,89
DA:16,89
DA:17,89
DA:18,89
DA:19,89
DA:20,89
DA:21,89
DA:22,89
DA:23,89
DA:24,89
DA:25,89
DA:26,89
DA:27,89
DA:28,89
DA:29,89
DA:30,67
DA:31,67
DA:32,89
DA:33,89
DA:34,89
DA:35,89
DA:36,89
DA:37,64
DA:38,64
DA:39,89
DA:40,89
DA:41,89
DA:42,89
DA:43,89
DA:44,82
DA:45,82
DA:46,89
DA:47,89
DA:48,89
DA:49,89
DA:50,89
DA:51,89
DA:52,32
DA:53,27
DA:54,89
DA:55,63
DA:56,63
DA:57,89
DA:58,89
DA:59,89
DA:60,89
DA:61,89
DA:62,145
DA:63,145
DA:64,89
DA:65,89
DA:66,89
DA:67,89
DA:68,89
DA:69,89
DA:70,89
DA:71,35
DA:72,35
DA:73,89
DA:74,89
DA:75,89
DA:76,55
DA:77,55
DA:78,55
DA:79,34
DA:80,89
DA:81,89
DA:82,89
DA:83,89
DA:84,45
DA:85,45
DA:86,89
DA:87,89
DA:88,89
DA:89,89
DA:90,68
DA:91,89
DA:92,89
DA:93,89
LF:93
LH:93
BRDA:13,0,0,89
BRDA:20,1,0,89
BRDA:29,2,0,67
BRDA:33,3,0,89
BRDA:36,4,0,31
BRDA:36,5,0,26
BRDA:36,6,0,64
BRDA:43,7,0,82
BRDA:47,8,0,89
BRDA:48,9,0,1
BRDA:48,10,0,88
BRDA:51,11,0,32
BRDA:52,12,0,27
BRDA:54,13,0,63
BRDA:61,14,0,145
BRDA:65,15,0,89
BRDA:67,16,0,87
BRDA:67,17,0,36
BRDA:67,18,0,55
BRDA:67,19,0,34
BRDA:70,20,0,35
BRDA:74,21,0,89
BRDA:75,22,0,55
BRDA:78,23,0,80
BRDA:78,24,0,34
BRDA:80,25,0,32
BRDA:80,26,0,24
BRDA:80,27,0,10
BRDA:83,28,0,45
BRDA:87,29,0,89
BRDA:89,30,0,88
BRDA:89,31,0,22
BRDA:89,32,0,68
BRDA:90,33,0,21
BRF:34
BRH:34
end_of_record
TN:
SF:src/shared/domain/repository/search-result.ts
FN:11,<instance_members_initializer>
FN:18,SearchResult
FN:27,toJSON
FNF:3
FNH:3
FNDA:50,<instance_members_initializer>
FNDA:50,SearchResult
FNDA:23,toJSON
DA:1,1
DA:2,1
DA:3,1
DA:4,1
DA:5,1
DA:6,1
DA:7,1
DA:8,1
DA:9,1
DA:10,1
DA:11,1
DA:12,50
DA:13,50
DA:14,50
DA:15,50
DA:16,50
DA:17,50
DA:18,50
DA:19,50
DA:20,50
DA:21,50
DA:22,50
DA:23,50
DA:24,50
DA:25,50
DA:26,50
DA:27,50
DA:28,23
DA:29,23
DA:30,23
DA:31,23
DA:32,23
DA:33,23
DA:34,23
DA:35,23
DA:36,50
LF:36
LH:36
BRDA:11,0,0,50
BRDA:18,1,0,50
BRDA:27,2,0,23
BRDA:29,3,0,20
BRDA:29,4,0,3
BRDA:29,5,0,36
BRF:6
BRH:6
end_of_record
TN:
SF:src/shared/domain/validators/class-validator-fields.ts
FN:6,validate
FNF:1
FNH:1
FNDA:184,validate
DA:1,1
DA:2,1
DA:3,1
DA:4,1
DA:5,1
DA:6,1
DA:7,184
DA:8,184
DA:9,184
DA:10,184
DA:11,5
DA:12,5
DA:13,5
DA:14,5
DA:15,5
DA:16,5
DA:17,5
DA:18,184
DA:19,184
DA:20,1
LF:20
LH:20
BRDA:6,0,0,184
BRDA:10,1,0,5
BRDA:13,2,0,5
BRF:3
BRH:3
end_of_record
TN:
SF:src/shared/domain/validators/notifications.ts
FN:1,<instance_members_initializer>
FN:3,addError
FN:12,setError
FN:25,hasErrors
FN:28,copyErrors
FN:33,toJSON
FNF:6
FNH:4
FNDA:234,<instance_members_initializer>
FNDA:5,addError
FNDA:0,setError
FNDA:91,hasErrors
FNDA:0,copyErrors
FNDA:3,toJSON
DA:1,1
DA:2,234
DA:3,234
DA:4,5
DA:5,5
DA:6,5
DA:7,5
DA:8,5
DA:9,0
DA:10,0
DA:11,5
DA:12,234
DA:13,0
DA:14,0
DA:15,0
DA:16,0
DA:17,0
DA:18,0
DA:19,0
DA:20,0
DA:21,0
DA:22,0
DA:23,0
DA:24,0
DA:25,234
DA:26,91
DA:27,91
DA:28,234
DA:29,0
DA:30,0
DA:31,0
DA:32,0
DA:33,234
DA:34,3
DA:35,3
DA:36,3
DA:37,0
DA:38,3
DA:39,3
DA:40,3
DA:41,3
DA:42,3
DA:43,3
DA:44,234
LF:44
LH:25
BRDA:1,0,0,234
BRDA:3,1,0,5
BRDA:8,2,0,0
BRDA:25,3,0,91
BRDA:33,4,0,3
BRDA:35,5,0,3
BRDA:36,6,0,0
BRF:7
BRH:5
end_of_record
TN:
SF:src/shared/domain/validators/validator.error.ts
FN:5,<instance_members_initializer>
FN:6,EntityValidationError
FN:13,count
FNF:3
FNH:2
FNDA:3,<instance_members_initializer>
FNDA:3,EntityValidationError
FNDA:0,count
DA:1,1
DA:2,1
DA:3,1
DA:4,1
DA:5,1
DA:6,3
DA:7,3
DA:8,3
DA:9,3
DA:10,3
DA:11,3
DA:12,3
DA:13,3
DA:14,0
DA:15,0
DA:16,3
LF:16
LH:14
BRDA:5,0,0,3
BRDA:6,1,0,3
BRF:2
BRH:2
end_of_record
TN:
SF:src/shared/domain/value-objects/uuid.vo.ts
FN:4,<instance_members_initializer>
FN:7,Uuid
FN:13,validate
FN:20,toString
FN:26,InvalidUuidError
FNF:5
FNH:5
FNDA:280,<instance_members_initializer>
FNDA:280,Uuid
FNDA:280,validate
FNDA:17,toString
FNDA:8,InvalidUuidError
DA:1,1
DA:2,1
DA:3,1
DA:4,1
DA:5,280
DA:6,280
DA:7,280
DA:8,280
DA:9,280
DA:10,280
DA:11,280
DA:12,280
DA:13,280
DA:14,280
DA:15,280
DA:16,4
DA:17,4
DA:18,280
DA:19,280
DA:20,280
DA:21,17
DA:22,17
DA:23,280
DA:24,1
DA:25,1
DA:26,1
DA:27,8
DA:28,8
DA:29,8
DA:30,1
LF:30
LH:30
BRDA:4,0,0,280
BRDA:7,1,0,280
BRDA:9,2,0,179
BRDA:13,3,0,280
BRDA:15,4,0,4
BRDA:20,5,0,17
BRDA:26,6,0,8
BRF:7
BRH:7
end_of_record
TN:
SF:src/shared/infra/config.ts
FN:4,<static_initializer>
FN:6,db
FN:14,readEnv
FNF:3
FNH:3
FNDA:8,<static_initializer>
FNDA:8,db
FNDA:8,readEnv
DA:1,1
DA:2,1
DA:3,1
DA:4,1
DA:5,1
DA:6,1
DA:7,8
DA:8,8
DA:9,8
DA:10,8
DA:11,8
DA:12,8
DA:13,8
DA:14,1
DA:15,8
DA:16,0
DA:17,0
DA:18,8
DA:19,8
DA:20,8
DA:21,8
DA:22,1
LF:22
LH:20
BRDA:4,0,0,8
BRDA:6,1,0,8
BRDA:14,2,0,8
BRDA:15,3,0,0
BRF:4
BRH:3
end_of_record
TN:
SF:src/shared/infra/db/in-memory/in-memory.repository.ts
FN:14,<instance_members_initializer>
FN:21,insert
FN:25,bulkInsert
FN:29,update
FN:39,delete
FN:49,findById
FN:54,findAll
FN:60,<instance_members_initializer>
FN:69,search
FN:94,applyPaginate
FN:104,applySort
FNF:11
FNH:11
FNDA:36,<instance_members_initializer>
FNDA:7,insert
FNDA:2,bulkInsert
FNDA:9,update
FNDA:3,delete
FNDA:13,findById
FNDA:1,findAll
FNDA:28,<instance_members_initializer>
FNDA:13,search
FNDA:17,applyPaginate
FNDA:20,applySort
DA:1,1
DA:2,1
DA:3,1
DA:4,1
DA:5,1
DA:6,1
DA:7,1
DA:8,1
DA:9,1
DA:10,1
DA:11,1
DA:12,1
DA:13,1
DA:14,1
DA:15,36
DA:16,36
DA:17,36
DA:18,36
DA:19,36
DA:20,36
DA:21,36
DA:22,7
DA:23,7
DA:24,36
DA:25,36
DA:26,2
DA:27,2
DA:28,36
DA:29,36
DA:30,9
DA:31,8
DA:32,9
DA:33,9
DA:34,1
DA:35,1
DA:36,8
DA:37,8
DA:38,36
DA:39,36
DA:40,3
DA:41,2
DA:42,3
DA:43,3
DA:44,1
DA:45,1
DA:46,2
DA:47,2
DA:48,36
DA:49,36
DA:50,13
DA:51,13
DA:52,13
DA:53,36
DA:54,36
DA:55,1
DA:56,1
DA:57,36
DA:58,36
DA:59,1
DA:60,1
DA:61,28
DA:62,28
DA:63,28
DA:64,28
DA:65,28
DA:66,28
DA:67,28
DA:68,28
DA:69,28
DA:70,13
DA:71,13
DA:72,13
DA:73,13
DA:74,13
DA:75,13
DA:76,13
DA:77,13
DA:78,13
DA:79,13
DA:80,13
DA:81,13
DA:82,13
DA:83,13
DA:84,13
DA:85,13
DA:86,13
DA:87,13
DA:88,28
DA:89,28
DA:90,28
DA:91,28
DA:92,28
DA:93,28
DA:94,28
DA:95,17
DA:96,17
DA:97,17
DA:98,17
DA:99,17
DA:100,17
DA:101,17
DA:102,17
DA:103,28
DA:104,28
DA:105,20
DA:106,20
DA:107,20
DA:108,20
DA:109,20
DA:110,20
DA:111,5
DA:112,5
DA:113,15
DA:114,15
DA:115,64
DA:116,64
DA:117,64
DA:118,64
DA:119,64
DA:120,24
DA:121,24
DA:122,40
DA:123,40
DA:124,40
DA:125,40
DA:126,0
DA:127,0
DA:128,0
DA:129,15
DA:130,28
DA:131,1
DA:132,1
DA:133,1
DA:134,1
DA:135,1
DA:136,1
DA:137,1
DA:138,1
DA:139,1
DA:140,1
DA:141,1
DA:142,1
DA:143,1
DA:144,1
DA:145,1
DA:146,1
DA:147,1
DA:148,1
DA:149,1
DA:150,1
DA:151,1
DA:152,1
DA:153,1
DA:154,1
DA:155,1
DA:156,1
DA:157,1
DA:158,1
DA:159,1
DA:160,1
DA:161,1
DA:162,1
DA:163,1
DA:164,1
DA:165,1
DA:166,1
DA:167,1
DA:168,1
DA:169,1
DA:170,1
DA:171,1
DA:172,1
DA:173,1
DA:174,1
DA:175,1
DA:176,1
DA:177,1
DA:178,1
DA:179,1
DA:180,1
DA:181,1
DA:182,1
DA:183,1
DA:184,1
DA:185,1
DA:186,1
DA:187,1
DA:188,1
DA:189,1
DA:190,1
DA:191,1
DA:192,1
DA:193,1
DA:194,1
DA:195,1
DA:196,1
DA:197,1
DA:198,1
DA:199,1
DA:200,1
DA:201,1
DA:202,1
DA:203,1
LF:203
LH:200
BRDA:14,0,0,36
BRDA:21,1,0,7
BRDA:25,2,0,2
BRDA:29,3,0,9
BRDA:33,4,0,8
BRDA:33,5,0,1
BRDA:30,6,0,8
BRDA:39,7,0,3
BRDA:43,8,0,2
BRDA:43,9,0,1
BRDA:40,10,0,2
BRDA:49,11,0,13
BRDA:51,12,0,3
BRDA:51,13,0,10
BRDA:50,14,0,11
BRDA:54,15,0,1
BRDA:60,16,0,28
BRDA:69,17,0,13
BRDA:94,18,0,17
BRDA:104,19,0,20
BRDA:110,20,0,16
BRDA:110,21,0,5
BRDA:112,22,0,15
BRDA:114,23,0,64
BRDA:116,24,0,0
BRDA:118,25,0,0
BRDA:119,26,0,24
BRDA:120,27,0,15
BRDA:120,28,0,9
BRDA:121,29,0,40
BRDA:124,30,0,20
BRDA:124,31,0,20
BRDA:125,32,0,0
BRF:33
BRH:30
end_of_record
TN:
SF:src/shared/infra/testing/helpers.ts
FN:3,setupSequelize
FN:14,get sequelize
FNF:2
FNH:1
FNDA:8,setupSequelize
FNDA:0,get sequelize
DA:1,1
DA:2,1
DA:3,1
DA:4,8
DA:5,8
DA:6,8
DA:7,8
DA:8,8
DA:9,8
DA:10,8
DA:11,8
DA:12,8
DA:13,8
DA:14,8
DA:15,0
DA:16,0
DA:17,8
DA:18,8
LF:18
LH:16
BRDA:3,0,0,8
BRDA:5,1,0,8
BRDA:11,2,0,27
BRDA:12,3,0,8
BRF:4
BRH:4
end_of_record
